# JRE version: OpenJDK Runtime Environment (11.0.1+13) (build 11.0.1+13-Ubuntu-3ubuntu3.18.10.1)
# Java VM: OpenJDK 64-Bit Server VM (11.0.1+13-Ubuntu-3ubuntu3.18.10.1, mixed mode, sharing, tiered, compressed oops, g1 gc, linux-amd64)
Heap:
 garbage-first heap   total 777216K, used 16647K [0x0000000085000000, 0x0000000100000000)
  region size 1024K, 2 young (2048K), 2 survivors (2048K)
 Metaspace       used 22800K, capacity 23810K, committed 23984K, reserved 1069056K
  class space    used 3185K, capacity 3579K, committed 3584K, reserved 1048576K
GC Heap History (10 events):
Event: 3.936 GC heap after
{Heap after GC invocations=7 (full 0):
 garbage-first heap   total 259072K, used 14064K [0x0000000085000000, 0x0000000100000000)
  region size 1024K, 2 young (2048K), 2 survivors (2048K)
 Metaspace       used 20425K, capacity 21306K, committed 21552K, reserved 1067008K
  class space    used 2820K, capacity 3154K, committed 3200K, reserved 1048576K
}
Event: 4.157 GC heap before
{Heap before GC invocations=7 (full 0):
 garbage-first heap   total 259072K, used 23280K [0x0000000085000000, 0x0000000100000000)
  region size 1024K, 12 young (12288K), 2 survivors (2048K)
 Metaspace       used 20439K, capacity 21312K, committed 21552K, reserved 1067008K
  class space    used 2823K, capacity 3155K, committed 3200K, reserved 1048576K
}
Event: 4.159 GC heap after
{Heap after GC invocations=8 (full 0):
 garbage-first heap   total 259072K, used 14374K [0x0000000085000000, 0x0000000100000000)
  region size 1024K, 1 young (1024K), 1 survivors (1024K)
 Metaspace       used 20439K, capacity 21312K, committed 21552K, reserved 1067008K
  class space    used 2823K, capacity 3155K, committed 3200K, reserved 1048576K
}
Event: 4.166 GC heap before
{Heap before GC invocations=8 (full 0):
 garbage-first heap   total 259072K, used 33830K [0x0000000085000000, 0x0000000100000000)
  region size 1024K, 21 young (21504K), 1 survivors (1024K)
 Metaspace       used 20439K, capacity 21312K, committed 21552K, reserved 1067008K
  class space    used 2823K, capacity 3155K, committed 3200K, reserved 1048576K
}
Event: 4.167 GC heap after
{Heap after GC invocations=9 (full 0):
 garbage-first heap   total 259072K, used 14177K [0x0000000085000000, 0x0000000100000000)
  region size 1024K, 1 young (1024K), 1 survivors (1024K)
 Metaspace       used 20439K, capacity 21312K, committed 21552K, reserved 1067008K
  class space    used 2823K, capacity 3155K, committed 3200K, reserved 1048576K
}
Event: 4.721 GC heap before
{Heap before GC invocations=9 (full 0):
 garbage-first heap   total 259072K, used 43873K [0x0000000085000000, 0x0000000100000000)
  region size 1024K, 31 young (31744K), 1 survivors (1024K)
 Metaspace       used 20710K, capacity 21588K, committed 21936K, reserved 1069056K
  class space    used 2872K, capacity 3202K, committed 3328K, reserved 1048576K
}
Event: 5.104 GC heap after
{Heap after GC invocations=10 (full 0):
 garbage-first heap   total 259072K, used 15797K [0x0000000085000000, 0x0000000100000000)
  region size 1024K, 3 young (3072K), 3 survivors (3072K)
 Metaspace       used 20710K, capacity 21588K, committed 21936K, reserved 1069056K
  class space    used 2872K, capacity 3202K, committed 3328K, reserved 1048576K
}
Event: 5.904 GC heap before
{Heap before GC invocations=10 (full 0):
 garbage-first heap   total 259072K, used 25013K [0x0000000085000000, 0x0000000100000000)
  region size 1024K, 12 young (12288K), 3 survivors (3072K)
 Metaspace       used 21740K, capacity 22691K, committed 23088K, reserved 1069056K
  class space    used 3008K, capacity 3354K, committed 3456K, reserved 1048576K
}
Event: 6.416 GC heap after
{Heap after GC invocations=11 (full 0):
 garbage-first heap   total 259072K, used 16180K [0x0000000085000000, 0x0000000100000000)
  region size 1024K, 1 young (1024K), 1 survivors (1024K)
 Metaspace       used 21740K, capacity 22691K, committed 23088K, reserved 1069056K
  class space    used 3008K, capacity 3354K, committed 3456K, reserved 1048576K
}
Event: 7.384 GC heap before
{Heap before GC invocations=11 (full 0):
 garbage-first heap   total 259072K, used 27444K [0x0000000085000000, 0x0000000100000000)
  region size 1024K, 12 young (12288K), 1 survivors (1024K)
 Metaspace       used 22800K, capacity 23810K, committed 23984K, reserved 1069056K
  class space    used 3185K, capacity 3579K, committed 3584K, reserved 1048576K
}

